The system is: Linux - 6.14.5-arch1-1 - x86_64
Compiling the C compiler identification source file "CMakeCCompilerId.c" succeeded.
Compiler: /usr/bin/cc 
Build flags: 
Id flags:  

The output was:
0


Compilation of the C compiler identification source "CMakeCCompilerId.c" produced "a.out"

The C compiler identification is GNU, found in "/home/rufuskty/repositories/Users_Manual/Simulations/Legacy/10um/1/build/CMakeFiles/3.16.3/CompilerIdC/a.out"

Compiling the CXX compiler identification source file "CMakeCXXCompilerId.cpp" succeeded.
Compiler: /usr/bin/c++ 
Build flags: 
Id flags:  

The output was:
0


Compilation of the CXX compiler identification source "CMakeCXXCompilerId.cpp" produced "a.out"

The CXX compiler identification is GNU, found in "/home/rufuskty/repositories/Users_Manual/Simulations/Legacy/10um/1/build/CMakeFiles/3.16.3/CompilerIdCXX/a.out"

Determining if the C compiler works passed with the following output:
Change Dir: /home/rufuskty/repositories/Users_Manual/Simulations/Legacy/10um/1/build/CMakeFiles/CMakeTmp

Run Build Command(s):/usr/bin/make cmTC_e659b/fast && /usr/bin/make -f CMakeFiles/cmTC_e659b.dir/build.make CMakeFiles/cmTC_e659b.dir/build
make[1]: Entering directory '/home/rufuskty/repositories/Users_Manual/Simulations/Legacy/10um/1/build/CMakeFiles/CMakeTmp'
Building C object CMakeFiles/cmTC_e659b.dir/testCCompiler.c.o
/usr/bin/cc    -o CMakeFiles/cmTC_e659b.dir/testCCompiler.c.o   -c /home/rufuskty/repositories/Users_Manual/Simulations/Legacy/10um/1/build/CMakeFiles/CMakeTmp/testCCompiler.c
Linking C executable cmTC_e659b
/home/rufuskty/.local/opt/cmake-3.16.3/bin/cmake -E cmake_link_script CMakeFiles/cmTC_e659b.dir/link.txt --verbose=1
/usr/bin/cc      -rdynamic CMakeFiles/cmTC_e659b.dir/testCCompiler.c.o  -o cmTC_e659b 
make[1]: Leaving directory '/home/rufuskty/repositories/Users_Manual/Simulations/Legacy/10um/1/build/CMakeFiles/CMakeTmp'



Detecting C compiler ABI info compiled with the following output:
Change Dir: /home/rufuskty/repositories/Users_Manual/Simulations/Legacy/10um/1/build/CMakeFiles/CMakeTmp

Run Build Command(s):/usr/bin/make cmTC_e520b/fast && /usr/bin/make -f CMakeFiles/cmTC_e520b.dir/build.make CMakeFiles/cmTC_e520b.dir/build
make[1]: Entering directory '/home/rufuskty/repositories/Users_Manual/Simulations/Legacy/10um/1/build/CMakeFiles/CMakeTmp'
Building C object CMakeFiles/cmTC_e520b.dir/CMakeCCompilerABI.c.o
/usr/bin/cc   -v -o CMakeFiles/cmTC_e520b.dir/CMakeCCompilerABI.c.o   -c /home/rufuskty/.local/opt/cmake-3.16.3/share/cmake-3.16/Modules/CMakeCCompilerABI.c
Using built-in specs.
COLLECT_GCC=/usr/bin/cc
Target: x86_64-pc-linux-gnu
Configured with: /build/gcc/src/gcc/configure --enable-languages=ada,c,c++,d,fortran,go,lto,m2,objc,obj-c++,rust,cobol --enable-bootstrap --prefix=/usr --libdir=/usr/lib --libexecdir=/usr/lib --mandir=/usr/share/man --infodir=/usr/share/info --with-bugurl=https://gitlab.archlinux.org/archlinux/packaging/packages/gcc/-/issues --with-build-config=bootstrap-lto --with-linker-hash-style=gnu --with-system-zlib --enable-__cxa_atexit --enable-cet=auto --enable-checking=release --enable-clocale=gnu --enable-default-pie --enable-default-ssp --enable-gnu-indirect-function --enable-gnu-unique-object --enable-libstdcxx-backtrace --enable-link-serialization=1 --enable-linker-build-id --enable-lto --enable-multilib --enable-plugin --enable-shared --enable-threads=posix --disable-libssp --disable-libstdcxx-pch --disable-werror
Thread model: posix
Supported LTO compression algorithms: zlib zstd
gcc version 15.1.1 20250425 (GCC) 
COLLECT_GCC_OPTIONS='-v' '-o' 'CMakeFiles/cmTC_e520b.dir/CMakeCCompilerABI.c.o' '-c' '-mtune=generic' '-march=x86-64' '-dumpdir' 'CMakeFiles/cmTC_e520b.dir/'
 /usr/lib/gcc/x86_64-pc-linux-gnu/15.1.1/cc1 -quiet -v /home/rufuskty/.local/opt/cmake-3.16.3/share/cmake-3.16/Modules/CMakeCCompilerABI.c -quiet -dumpdir CMakeFiles/cmTC_e520b.dir/ -dumpbase CMakeCCompilerABI.c.c -dumpbase-ext .c -mtune=generic -march=x86-64 -version -o /tmp/ccUcHClc.s
GNU C23 (GCC) version 15.1.1 20250425 (x86_64-pc-linux-gnu)
	compiled by GNU C version 15.1.1 20250425, GMP version 6.3.0, MPFR version 4.2.2, MPC version 1.3.1, isl version isl-0.27-GMP

GGC heuristics: --param ggc-min-expand=100 --param ggc-min-heapsize=131072
ignoring nonexistent directory "/usr/lib/gcc/x86_64-pc-linux-gnu/15.1.1/../../../../x86_64-pc-linux-gnu/include"
#include "..." search starts here:
#include <...> search starts here:
 /usr/lib/gcc/x86_64-pc-linux-gnu/15.1.1/include
 /usr/local/include
 /usr/lib/gcc/x86_64-pc-linux-gnu/15.1.1/include-fixed
 /usr/include
End of search list.
Compiler executable checksum: 335c205337bb594afdc1dd844ba56be5
COLLECT_GCC_OPTIONS='-v' '-o' 'CMakeFiles/cmTC_e520b.dir/CMakeCCompilerABI.c.o' '-c' '-mtune=generic' '-march=x86-64' '-dumpdir' 'CMakeFiles/cmTC_e520b.dir/'
 as -v --64 -o CMakeFiles/cmTC_e520b.dir/CMakeCCompilerABI.c.o /tmp/ccUcHClc.s
GNU assembler version 2.44.0 (x86_64-pc-linux-gnu) using BFD version (GNU Binutils) 2.44.0
COMPILER_PATH=/usr/lib/gcc/x86_64-pc-linux-gnu/15.1.1/:/usr/lib/gcc/x86_64-pc-linux-gnu/15.1.1/:/usr/lib/gcc/x86_64-pc-linux-gnu/:/usr/lib/gcc/x86_64-pc-linux-gnu/15.1.1/:/usr/lib/gcc/x86_64-pc-linux-gnu/
LIBRARY_PATH=/usr/lib/gcc/x86_64-pc-linux-gnu/15.1.1/:/usr/lib/gcc/x86_64-pc-linux-gnu/15.1.1/../../../../lib/:/lib/../lib/:/usr/lib/../lib/:/usr/lib/gcc/x86_64-pc-linux-gnu/15.1.1/../../../:/lib/:/usr/lib/
COLLECT_GCC_OPTIONS='-v' '-o' 'CMakeFiles/cmTC_e520b.dir/CMakeCCompilerABI.c.o' '-c' '-mtune=generic' '-march=x86-64' '-dumpdir' 'CMakeFiles/cmTC_e520b.dir/CMakeCCompilerABI.c.'
Linking C executable cmTC_e520b
/home/rufuskty/.local/opt/cmake-3.16.3/bin/cmake -E cmake_link_script CMakeFiles/cmTC_e520b.dir/link.txt --verbose=1
/usr/bin/cc     -v -rdynamic CMakeFiles/cmTC_e520b.dir/CMakeCCompilerABI.c.o  -o cmTC_e520b 
Using built-in specs.
COLLECT_GCC=/usr/bin/cc
COLLECT_LTO_WRAPPER=/usr/lib/gcc/x86_64-pc-linux-gnu/15.1.1/lto-wrapper
Target: x86_64-pc-linux-gnu
Configured with: /build/gcc/src/gcc/configure --enable-languages=ada,c,c++,d,fortran,go,lto,m2,objc,obj-c++,rust,cobol --enable-bootstrap --prefix=/usr --libdir=/usr/lib --libexecdir=/usr/lib --mandir=/usr/share/man --infodir=/usr/share/info --with-bugurl=https://gitlab.archlinux.org/archlinux/packaging/packages/gcc/-/issues --with-build-config=bootstrap-lto --with-linker-hash-style=gnu --with-system-zlib --enable-__cxa_atexit --enable-cet=auto --enable-checking=release --enable-clocale=gnu --enable-default-pie --enable-default-ssp --enable-gnu-indirect-function --enable-gnu-unique-object --enable-libstdcxx-backtrace --enable-link-serialization=1 --enable-linker-build-id --enable-lto --enable-multilib --enable-plugin --enable-shared --enable-threads=posix --disable-libssp --disable-libstdcxx-pch --disable-werror
Thread model: posix
Supported LTO compression algorithms: zlib zstd
gcc version 15.1.1 20250425 (GCC) 
COMPILER_PATH=/usr/lib/gcc/x86_64-pc-linux-gnu/15.1.1/:/usr/lib/gcc/x86_64-pc-linux-gnu/15.1.1/:/usr/lib/gcc/x86_64-pc-linux-gnu/:/usr/lib/gcc/x86_64-pc-linux-gnu/15.1.1/:/usr/lib/gcc/x86_64-pc-linux-gnu/
LIBRARY_PATH=/usr/lib/gcc/x86_64-pc-linux-gnu/15.1.1/:/usr/lib/gcc/x86_64-pc-linux-gnu/15.1.1/../../../../lib/:/lib/../lib/:/usr/lib/../lib/:/usr/lib/gcc/x86_64-pc-linux-gnu/15.1.1/../../../:/lib/:/usr/lib/
COLLECT_GCC_OPTIONS='-v' '-rdynamic' '-o' 'cmTC_e520b' '-mtune=generic' '-march=x86-64' '-dumpdir' 'cmTC_e520b.'
 /usr/lib/gcc/x86_64-pc-linux-gnu/15.1.1/collect2 -plugin /usr/lib/gcc/x86_64-pc-linux-gnu/15.1.1/liblto_plugin.so -plugin-opt=/usr/lib/gcc/x86_64-pc-linux-gnu/15.1.1/lto-wrapper -plugin-opt=-fresolution=/tmp/ccB74Ekn.res -plugin-opt=-pass-through=-lgcc -plugin-opt=-pass-through=-lgcc_s -plugin-opt=-pass-through=-lc -plugin-opt=-pass-through=-lgcc -plugin-opt=-pass-through=-lgcc_s --build-id --eh-frame-hdr --hash-style=gnu -m elf_x86_64 -export-dynamic -dynamic-linker /lib64/ld-linux-x86-64.so.2 -pie -o cmTC_e520b /usr/lib/gcc/x86_64-pc-linux-gnu/15.1.1/../../../../lib/Scrt1.o /usr/lib/gcc/x86_64-pc-linux-gnu/15.1.1/../../../../lib/crti.o /usr/lib/gcc/x86_64-pc-linux-gnu/15.1.1/crtbeginS.o -L/usr/lib/gcc/x86_64-pc-linux-gnu/15.1.1 -L/usr/lib/gcc/x86_64-pc-linux-gnu/15.1.1/../../../../lib -L/lib/../lib -L/usr/lib/../lib -L/usr/lib/gcc/x86_64-pc-linux-gnu/15.1.1/../../.. -L/lib -L/usr/lib CMakeFiles/cmTC_e520b.dir/CMakeCCompilerABI.c.o -lgcc --push-state --as-needed -lgcc_s --pop-state -lc -lgcc --push-state --as-needed -lgcc_s --pop-state /usr/lib/gcc/x86_64-pc-linux-gnu/15.1.1/crtendS.o /usr/lib/gcc/x86_64-pc-linux-gnu/15.1.1/../../../../lib/crtn.o
COLLECT_GCC_OPTIONS='-v' '-rdynamic' '-o' 'cmTC_e520b' '-mtune=generic' '-march=x86-64' '-dumpdir' 'cmTC_e520b.'
make[1]: Leaving directory '/home/rufuskty/repositories/Users_Manual/Simulations/Legacy/10um/1/build/CMakeFiles/CMakeTmp'



Parsed C implicit include dir info from above output: rv=done
  found start of include info
  found start of implicit include info
    add: [/usr/lib/gcc/x86_64-pc-linux-gnu/15.1.1/include]
    add: [/usr/local/include]
    add: [/usr/lib/gcc/x86_64-pc-linux-gnu/15.1.1/include-fixed]
    add: [/usr/include]
  end of search list found
  collapse include dir [/usr/lib/gcc/x86_64-pc-linux-gnu/15.1.1/include] ==> [/usr/lib/gcc/x86_64-pc-linux-gnu/15.1.1/include]
  collapse include dir [/usr/local/include] ==> [/usr/local/include]
  collapse include dir [/usr/lib/gcc/x86_64-pc-linux-gnu/15.1.1/include-fixed] ==> [/usr/lib/gcc/x86_64-pc-linux-gnu/15.1.1/include-fixed]
  collapse include dir [/usr/include] ==> [/usr/include]
  implicit include dirs: [/usr/lib/gcc/x86_64-pc-linux-gnu/15.1.1/include;/usr/local/include;/usr/lib/gcc/x86_64-pc-linux-gnu/15.1.1/include-fixed;/usr/include]


Parsed C implicit link information from above output:
  link line regex: [^( *|.*[/\])(ld|CMAKE_LINK_STARTFILE-NOTFOUND|([^/\]+-)?ld|collect2)[^/\]*( |$)]
  ignore line: [Change Dir: /home/rufuskty/repositories/Users_Manual/Simulations/Legacy/10um/1/build/CMakeFiles/CMakeTmp]
  ignore line: []
  ignore line: [Run Build Command(s):/usr/bin/make cmTC_e520b/fast && /usr/bin/make -f CMakeFiles/cmTC_e520b.dir/build.make CMakeFiles/cmTC_e520b.dir/build]
  ignore line: [make[1]: Entering directory '/home/rufuskty/repositories/Users_Manual/Simulations/Legacy/10um/1/build/CMakeFiles/CMakeTmp']
  ignore line: [Building C object CMakeFiles/cmTC_e520b.dir/CMakeCCompilerABI.c.o]
  ignore line: [/usr/bin/cc   -v -o CMakeFiles/cmTC_e520b.dir/CMakeCCompilerABI.c.o   -c /home/rufuskty/.local/opt/cmake-3.16.3/share/cmake-3.16/Modules/CMakeCCompilerABI.c]
  ignore line: [Using built-in specs.]
  ignore line: [COLLECT_GCC=/usr/bin/cc]
  ignore line: [Target: x86_64-pc-linux-gnu]
  ignore line: [Configured with: /build/gcc/src/gcc/configure --enable-languages=ada c c++ d fortran go lto m2 objc obj-c++ rust cobol --enable-bootstrap --prefix=/usr --libdir=/usr/lib --libexecdir=/usr/lib --mandir=/usr/share/man --infodir=/usr/share/info --with-bugurl=https://gitlab.archlinux.org/archlinux/packaging/packages/gcc/-/issues --with-build-config=bootstrap-lto --with-linker-hash-style=gnu --with-system-zlib --enable-__cxa_atexit --enable-cet=auto --enable-checking=release --enable-clocale=gnu --enable-default-pie --enable-default-ssp --enable-gnu-indirect-function --enable-gnu-unique-object --enable-libstdcxx-backtrace --enable-link-serialization=1 --enable-linker-build-id --enable-lto --enable-multilib --enable-plugin --enable-shared --enable-threads=posix --disable-libssp --disable-libstdcxx-pch --disable-werror]
  ignore line: [Thread model: posix]
  ignore line: [Supported LTO compression algorithms: zlib zstd]
  ignore line: [gcc version 15.1.1 20250425 (GCC) ]
  ignore line: [COLLECT_GCC_OPTIONS='-v' '-o' 'CMakeFiles/cmTC_e520b.dir/CMakeCCompilerABI.c.o' '-c' '-mtune=generic' '-march=x86-64' '-dumpdir' 'CMakeFiles/cmTC_e520b.dir/']
  ignore line: [ /usr/lib/gcc/x86_64-pc-linux-gnu/15.1.1/cc1 -quiet -v /home/rufuskty/.local/opt/cmake-3.16.3/share/cmake-3.16/Modules/CMakeCCompilerABI.c -quiet -dumpdir CMakeFiles/cmTC_e520b.dir/ -dumpbase CMakeCCompilerABI.c.c -dumpbase-ext .c -mtune=generic -march=x86-64 -version -o /tmp/ccUcHClc.s]
  ignore line: [GNU C23 (GCC) version 15.1.1 20250425 (x86_64-pc-linux-gnu)]
  ignore line: [	compiled by GNU C version 15.1.1 20250425  GMP version 6.3.0  MPFR version 4.2.2  MPC version 1.3.1  isl version isl-0.27-GMP]
  ignore line: []
  ignore line: [GGC heuristics: --param ggc-min-expand=100 --param ggc-min-heapsize=131072]
  ignore line: [ignoring nonexistent directory "/usr/lib/gcc/x86_64-pc-linux-gnu/15.1.1/../../../../x86_64-pc-linux-gnu/include"]
  ignore line: [#include "..." search starts here:]
  ignore line: [#include <...> search starts here:]
  ignore line: [ /usr/lib/gcc/x86_64-pc-linux-gnu/15.1.1/include]
  ignore line: [ /usr/local/include]
  ignore line: [ /usr/lib/gcc/x86_64-pc-linux-gnu/15.1.1/include-fixed]
  ignore line: [ /usr/include]
  ignore line: [End of search list.]
  ignore line: [Compiler executable checksum: 335c205337bb594afdc1dd844ba56be5]
  ignore line: [COLLECT_GCC_OPTIONS='-v' '-o' 'CMakeFiles/cmTC_e520b.dir/CMakeCCompilerABI.c.o' '-c' '-mtune=generic' '-march=x86-64' '-dumpdir' 'CMakeFiles/cmTC_e520b.dir/']
  ignore line: [ as -v --64 -o CMakeFiles/cmTC_e520b.dir/CMakeCCompilerABI.c.o /tmp/ccUcHClc.s]
  ignore line: [GNU assembler version 2.44.0 (x86_64-pc-linux-gnu) using BFD version (GNU Binutils) 2.44.0]
  ignore line: [COMPILER_PATH=/usr/lib/gcc/x86_64-pc-linux-gnu/15.1.1/:/usr/lib/gcc/x86_64-pc-linux-gnu/15.1.1/:/usr/lib/gcc/x86_64-pc-linux-gnu/:/usr/lib/gcc/x86_64-pc-linux-gnu/15.1.1/:/usr/lib/gcc/x86_64-pc-linux-gnu/]
  ignore line: [LIBRARY_PATH=/usr/lib/gcc/x86_64-pc-linux-gnu/15.1.1/:/usr/lib/gcc/x86_64-pc-linux-gnu/15.1.1/../../../../lib/:/lib/../lib/:/usr/lib/../lib/:/usr/lib/gcc/x86_64-pc-linux-gnu/15.1.1/../../../:/lib/:/usr/lib/]
  ignore line: [COLLECT_GCC_OPTIONS='-v' '-o' 'CMakeFiles/cmTC_e520b.dir/CMakeCCompilerABI.c.o' '-c' '-mtune=generic' '-march=x86-64' '-dumpdir' 'CMakeFiles/cmTC_e520b.dir/CMakeCCompilerABI.c.']
  ignore line: [Linking C executable cmTC_e520b]
  ignore line: [/home/rufuskty/.local/opt/cmake-3.16.3/bin/cmake -E cmake_link_script CMakeFiles/cmTC_e520b.dir/link.txt --verbose=1]
  ignore line: [/usr/bin/cc     -v -rdynamic CMakeFiles/cmTC_e520b.dir/CMakeCCompilerABI.c.o  -o cmTC_e520b ]
  ignore line: [Using built-in specs.]
  ignore line: [COLLECT_GCC=/usr/bin/cc]
  ignore line: [COLLECT_LTO_WRAPPER=/usr/lib/gcc/x86_64-pc-linux-gnu/15.1.1/lto-wrapper]
  ignore line: [Target: x86_64-pc-linux-gnu]
  ignore line: [Configured with: /build/gcc/src/gcc/configure --enable-languages=ada c c++ d fortran go lto m2 objc obj-c++ rust cobol --enable-bootstrap --prefix=/usr --libdir=/usr/lib --libexecdir=/usr/lib --mandir=/usr/share/man --infodir=/usr/share/info --with-bugurl=https://gitlab.archlinux.org/archlinux/packaging/packages/gcc/-/issues --with-build-config=bootstrap-lto --with-linker-hash-style=gnu --with-system-zlib --enable-__cxa_atexit --enable-cet=auto --enable-checking=release --enable-clocale=gnu --enable-default-pie --enable-default-ssp --enable-gnu-indirect-function --enable-gnu-unique-object --enable-libstdcxx-backtrace --enable-link-serialization=1 --enable-linker-build-id --enable-lto --enable-multilib --enable-plugin --enable-shared --enable-threads=posix --disable-libssp --disable-libstdcxx-pch --disable-werror]
  ignore line: [Thread model: posix]
  ignore line: [Supported LTO compression algorithms: zlib zstd]
  ignore line: [gcc version 15.1.1 20250425 (GCC) ]
  ignore line: [COMPILER_PATH=/usr/lib/gcc/x86_64-pc-linux-gnu/15.1.1/:/usr/lib/gcc/x86_64-pc-linux-gnu/15.1.1/:/usr/lib/gcc/x86_64-pc-linux-gnu/:/usr/lib/gcc/x86_64-pc-linux-gnu/15.1.1/:/usr/lib/gcc/x86_64-pc-linux-gnu/]
  ignore line: [LIBRARY_PATH=/usr/lib/gcc/x86_64-pc-linux-gnu/15.1.1/:/usr/lib/gcc/x86_64-pc-linux-gnu/15.1.1/../../../../lib/:/lib/../lib/:/usr/lib/../lib/:/usr/lib/gcc/x86_64-pc-linux-gnu/15.1.1/../../../:/lib/:/usr/lib/]
  ignore line: [COLLECT_GCC_OPTIONS='-v' '-rdynamic' '-o' 'cmTC_e520b' '-mtune=generic' '-march=x86-64' '-dumpdir' 'cmTC_e520b.']
  link line: [ /usr/lib/gcc/x86_64-pc-linux-gnu/15.1.1/collect2 -plugin /usr/lib/gcc/x86_64-pc-linux-gnu/15.1.1/liblto_plugin.so -plugin-opt=/usr/lib/gcc/x86_64-pc-linux-gnu/15.1.1/lto-wrapper -plugin-opt=-fresolution=/tmp/ccB74Ekn.res -plugin-opt=-pass-through=-lgcc -plugin-opt=-pass-through=-lgcc_s -plugin-opt=-pass-through=-lc -plugin-opt=-pass-through=-lgcc -plugin-opt=-pass-through=-lgcc_s --build-id --eh-frame-hdr --hash-style=gnu -m elf_x86_64 -export-dynamic -dynamic-linker /lib64/ld-linux-x86-64.so.2 -pie -o cmTC_e520b /usr/lib/gcc/x86_64-pc-linux-gnu/15.1.1/../../../../lib/Scrt1.o /usr/lib/gcc/x86_64-pc-linux-gnu/15.1.1/../../../../lib/crti.o /usr/lib/gcc/x86_64-pc-linux-gnu/15.1.1/crtbeginS.o -L/usr/lib/gcc/x86_64-pc-linux-gnu/15.1.1 -L/usr/lib/gcc/x86_64-pc-linux-gnu/15.1.1/../../../../lib -L/lib/../lib -L/usr/lib/../lib -L/usr/lib/gcc/x86_64-pc-linux-gnu/15.1.1/../../.. -L/lib -L/usr/lib CMakeFiles/cmTC_e520b.dir/CMakeCCompilerABI.c.o -lgcc --push-state --as-needed -lgcc_s --pop-state -lc -lgcc --push-state --as-needed -lgcc_s --pop-state /usr/lib/gcc/x86_64-pc-linux-gnu/15.1.1/crtendS.o /usr/lib/gcc/x86_64-pc-linux-gnu/15.1.1/../../../../lib/crtn.o]
    arg [/usr/lib/gcc/x86_64-pc-linux-gnu/15.1.1/collect2] ==> ignore
    arg [-plugin] ==> ignore
    arg [/usr/lib/gcc/x86_64-pc-linux-gnu/15.1.1/liblto_plugin.so] ==> ignore
    arg [-plugin-opt=/usr/lib/gcc/x86_64-pc-linux-gnu/15.1.1/lto-wrapper] ==> ignore
    arg [-plugin-opt=-fresolution=/tmp/ccB74Ekn.res] ==> ignore
    arg [-plugin-opt=-pass-through=-lgcc] ==> ignore
    arg [-plugin-opt=-pass-through=-lgcc_s] ==> ignore
    arg [-plugin-opt=-pass-through=-lc] ==> ignore
    arg [-plugin-opt=-pass-through=-lgcc] ==> ignore
    arg [-plugin-opt=-pass-through=-lgcc_s] ==> ignore
    arg [--build-id] ==> ignore
    arg [--eh-frame-hdr] ==> ignore
    arg [--hash-style=gnu] ==> ignore
    arg [-m] ==> ignore
    arg [elf_x86_64] ==> ignore
    arg [-export-dynamic] ==> ignore
    arg [-dynamic-linker] ==> ignore
    arg [/lib64/ld-linux-x86-64.so.2] ==> ignore
    arg [-pie] ==> ignore
    arg [-o] ==> ignore
    arg [cmTC_e520b] ==> ignore
    arg [/usr/lib/gcc/x86_64-pc-linux-gnu/15.1.1/../../../../lib/Scrt1.o] ==> ignore
    arg [/usr/lib/gcc/x86_64-pc-linux-gnu/15.1.1/../../../../lib/crti.o] ==> ignore
    arg [/usr/lib/gcc/x86_64-pc-linux-gnu/15.1.1/crtbeginS.o] ==> ignore
    arg [-L/usr/lib/gcc/x86_64-pc-linux-gnu/15.1.1] ==> dir [/usr/lib/gcc/x86_64-pc-linux-gnu/15.1.1]
    arg [-L/usr/lib/gcc/x86_64-pc-linux-gnu/15.1.1/../../../../lib] ==> dir [/usr/lib/gcc/x86_64-pc-linux-gnu/15.1.1/../../../../lib]
    arg [-L/lib/../lib] ==> dir [/lib/../lib]
    arg [-L/usr/lib/../lib] ==> dir [/usr/lib/../lib]
    arg [-L/usr/lib/gcc/x86_64-pc-linux-gnu/15.1.1/../../..] ==> dir [/usr/lib/gcc/x86_64-pc-linux-gnu/15.1.1/../../..]
    arg [-L/lib] ==> dir [/lib]
    arg [-L/usr/lib] ==> dir [/usr/lib]
    arg [CMakeFiles/cmTC_e520b.dir/CMakeCCompilerABI.c.o] ==> ignore
    arg [-lgcc] ==> lib [gcc]
    arg [--push-state] ==> ignore
    arg [--as-needed] ==> ignore
    arg [-lgcc_s] ==> lib [gcc_s]
    arg [--pop-state] ==> ignore
    arg [-lc] ==> lib [c]
    arg [-lgcc] ==> lib [gcc]
    arg [--push-state] ==> ignore
    arg [--as-needed] ==> ignore
    arg [-lgcc_s] ==> lib [gcc_s]
    arg [--pop-state] ==> ignore
    arg [/usr/lib/gcc/x86_64-pc-linux-gnu/15.1.1/crtendS.o] ==> ignore
    arg [/usr/lib/gcc/x86_64-pc-linux-gnu/15.1.1/../../../../lib/crtn.o] ==> ignore
  collapse library dir [/usr/lib/gcc/x86_64-pc-linux-gnu/15.1.1] ==> [/usr/lib/gcc/x86_64-pc-linux-gnu/15.1.1]
  collapse library dir [/usr/lib/gcc/x86_64-pc-linux-gnu/15.1.1/../../../../lib] ==> [/usr/lib]
  collapse library dir [/lib/../lib] ==> [/lib]
  collapse library dir [/usr/lib/../lib] ==> [/usr/lib]
  collapse library dir [/usr/lib/gcc/x86_64-pc-linux-gnu/15.1.1/../../..] ==> [/usr/lib]
  collapse library dir [/lib] ==> [/lib]
  collapse library dir [/usr/lib] ==> [/usr/lib]
  implicit libs: [gcc;gcc_s;c;gcc;gcc_s]
  implicit dirs: [/usr/lib/gcc/x86_64-pc-linux-gnu/15.1.1;/usr/lib;/lib]
  implicit fwks: []


Determining if the CXX compiler works passed with the following output:
Change Dir: /home/rufuskty/repositories/Users_Manual/Simulations/Legacy/10um/1/build/CMakeFiles/CMakeTmp

Run Build Command(s):/usr/bin/make cmTC_39b49/fast && /usr/bin/make -f CMakeFiles/cmTC_39b49.dir/build.make CMakeFiles/cmTC_39b49.dir/build
make[1]: Entering directory '/home/rufuskty/repositories/Users_Manual/Simulations/Legacy/10um/1/build/CMakeFiles/CMakeTmp'
Building CXX object CMakeFiles/cmTC_39b49.dir/testCXXCompiler.cxx.o
/usr/bin/c++     -o CMakeFiles/cmTC_39b49.dir/testCXXCompiler.cxx.o -c /home/rufuskty/repositories/Users_Manual/Simulations/Legacy/10um/1/build/CMakeFiles/CMakeTmp/testCXXCompiler.cxx
Linking CXX executable cmTC_39b49
/home/rufuskty/.local/opt/cmake-3.16.3/bin/cmake -E cmake_link_script CMakeFiles/cmTC_39b49.dir/link.txt --verbose=1
/usr/bin/c++       -rdynamic CMakeFiles/cmTC_39b49.dir/testCXXCompiler.cxx.o  -o cmTC_39b49 
make[1]: Leaving directory '/home/rufuskty/repositories/Users_Manual/Simulations/Legacy/10um/1/build/CMakeFiles/CMakeTmp'



Detecting CXX compiler ABI info compiled with the following output:
Change Dir: /home/rufuskty/repositories/Users_Manual/Simulations/Legacy/10um/1/build/CMakeFiles/CMakeTmp

Run Build Command(s):/usr/bin/make cmTC_59fad/fast && /usr/bin/make -f CMakeFiles/cmTC_59fad.dir/build.make CMakeFiles/cmTC_59fad.dir/build
make[1]: Entering directory '/home/rufuskty/repositories/Users_Manual/Simulations/Legacy/10um/1/build/CMakeFiles/CMakeTmp'
Building CXX object CMakeFiles/cmTC_59fad.dir/CMakeCXXCompilerABI.cpp.o
/usr/bin/c++    -v -o CMakeFiles/cmTC_59fad.dir/CMakeCXXCompilerABI.cpp.o -c /home/rufuskty/.local/opt/cmake-3.16.3/share/cmake-3.16/Modules/CMakeCXXCompilerABI.cpp
Using built-in specs.
COLLECT_GCC=/usr/bin/c++
Target: x86_64-pc-linux-gnu
Configured with: /build/gcc/src/gcc/configure --enable-languages=ada,c,c++,d,fortran,go,lto,m2,objc,obj-c++,rust,cobol --enable-bootstrap --prefix=/usr --libdir=/usr/lib --libexecdir=/usr/lib --mandir=/usr/share/man --infodir=/usr/share/info --with-bugurl=https://gitlab.archlinux.org/archlinux/packaging/packages/gcc/-/issues --with-build-config=bootstrap-lto --with-linker-hash-style=gnu --with-system-zlib --enable-__cxa_atexit --enable-cet=auto --enable-checking=release --enable-clocale=gnu --enable-default-pie --enable-default-ssp --enable-gnu-indirect-function --enable-gnu-unique-object --enable-libstdcxx-backtrace --enable-link-serialization=1 --enable-linker-build-id --enable-lto --enable-multilib --enable-plugin --enable-shared --enable-threads=posix --disable-libssp --disable-libstdcxx-pch --disable-werror
Thread model: posix
Supported LTO compression algorithms: zlib zstd
gcc version 15.1.1 20250425 (GCC) 
COLLECT_GCC_OPTIONS='-v' '-o' 'CMakeFiles/cmTC_59fad.dir/CMakeCXXCompilerABI.cpp.o' '-c' '-shared-libgcc' '-mtune=generic' '-march=x86-64' '-dumpdir' 'CMakeFiles/cmTC_59fad.dir/'
 /usr/lib/gcc/x86_64-pc-linux-gnu/15.1.1/cc1plus -quiet -v -D_GNU_SOURCE /home/rufuskty/.local/opt/cmake-3.16.3/share/cmake-3.16/Modules/CMakeCXXCompilerABI.cpp -quiet -dumpdir CMakeFiles/cmTC_59fad.dir/ -dumpbase CMakeCXXCompilerABI.cpp.cpp -dumpbase-ext .cpp -mtune=generic -march=x86-64 -version -o /tmp/ccHrbRQG.s
GNU C++17 (GCC) version 15.1.1 20250425 (x86_64-pc-linux-gnu)
	compiled by GNU C version 15.1.1 20250425, GMP version 6.3.0, MPFR version 4.2.2, MPC version 1.3.1, isl version isl-0.27-GMP

GGC heuristics: --param ggc-min-expand=100 --param ggc-min-heapsize=131072
ignoring nonexistent directory "/usr/lib/gcc/x86_64-pc-linux-gnu/15.1.1/../../../../x86_64-pc-linux-gnu/include"
#include "..." search starts here:
#include <...> search starts here:
 /usr/lib/gcc/x86_64-pc-linux-gnu/15.1.1/../../../../include/c++/15.1.1
 /usr/lib/gcc/x86_64-pc-linux-gnu/15.1.1/../../../../include/c++/15.1.1/x86_64-pc-linux-gnu
 /usr/lib/gcc/x86_64-pc-linux-gnu/15.1.1/../../../../include/c++/15.1.1/backward
 /usr/lib/gcc/x86_64-pc-linux-gnu/15.1.1/include
 /usr/local/include
 /usr/lib/gcc/x86_64-pc-linux-gnu/15.1.1/include-fixed
 /usr/include
End of search list.
Compiler executable checksum: ce3489707740d94cce8827fad3390bdb
COLLECT_GCC_OPTIONS='-v' '-o' 'CMakeFiles/cmTC_59fad.dir/CMakeCXXCompilerABI.cpp.o' '-c' '-shared-libgcc' '-mtune=generic' '-march=x86-64' '-dumpdir' 'CMakeFiles/cmTC_59fad.dir/'
 as -v --64 -o CMakeFiles/cmTC_59fad.dir/CMakeCXXCompilerABI.cpp.o /tmp/ccHrbRQG.s
GNU assembler version 2.44.0 (x86_64-pc-linux-gnu) using BFD version (GNU Binutils) 2.44.0
COMPILER_PATH=/usr/lib/gcc/x86_64-pc-linux-gnu/15.1.1/:/usr/lib/gcc/x86_64-pc-linux-gnu/15.1.1/:/usr/lib/gcc/x86_64-pc-linux-gnu/:/usr/lib/gcc/x86_64-pc-linux-gnu/15.1.1/:/usr/lib/gcc/x86_64-pc-linux-gnu/
LIBRARY_PATH=/usr/lib/gcc/x86_64-pc-linux-gnu/15.1.1/:/usr/lib/gcc/x86_64-pc-linux-gnu/15.1.1/../../../../lib/:/lib/../lib/:/usr/lib/../lib/:/usr/lib/gcc/x86_64-pc-linux-gnu/15.1.1/../../../:/lib/:/usr/lib/
COLLECT_GCC_OPTIONS='-v' '-o' 'CMakeFiles/cmTC_59fad.dir/CMakeCXXCompilerABI.cpp.o' '-c' '-shared-libgcc' '-mtune=generic' '-march=x86-64' '-dumpdir' 'CMakeFiles/cmTC_59fad.dir/CMakeCXXCompilerABI.cpp.'
Linking CXX executable cmTC_59fad
/home/rufuskty/.local/opt/cmake-3.16.3/bin/cmake -E cmake_link_script CMakeFiles/cmTC_59fad.dir/link.txt --verbose=1
/usr/bin/c++      -v -rdynamic CMakeFiles/cmTC_59fad.dir/CMakeCXXCompilerABI.cpp.o  -o cmTC_59fad 
Using built-in specs.
COLLECT_GCC=/usr/bin/c++
COLLECT_LTO_WRAPPER=/usr/lib/gcc/x86_64-pc-linux-gnu/15.1.1/lto-wrapper
Target: x86_64-pc-linux-gnu
Configured with: /build/gcc/src/gcc/configure --enable-languages=ada,c,c++,d,fortran,go,lto,m2,objc,obj-c++,rust,cobol --enable-bootstrap --prefix=/usr --libdir=/usr/lib --libexecdir=/usr/lib --mandir=/usr/share/man --infodir=/usr/share/info --with-bugurl=https://gitlab.archlinux.org/archlinux/packaging/packages/gcc/-/issues --with-build-config=bootstrap-lto --with-linker-hash-style=gnu --with-system-zlib --enable-__cxa_atexit --enable-cet=auto --enable-checking=release --enable-clocale=gnu --enable-default-pie --enable-default-ssp --enable-gnu-indirect-function --enable-gnu-unique-object --enable-libstdcxx-backtrace --enable-link-serialization=1 --enable-linker-build-id --enable-lto --enable-multilib --enable-plugin --enable-shared --enable-threads=posix --disable-libssp --disable-libstdcxx-pch --disable-werror
Thread model: posix
Supported LTO compression algorithms: zlib zstd
gcc version 15.1.1 20250425 (GCC) 
COMPILER_PATH=/usr/lib/gcc/x86_64-pc-linux-gnu/15.1.1/:/usr/lib/gcc/x86_64-pc-linux-gnu/15.1.1/:/usr/lib/gcc/x86_64-pc-linux-gnu/:/usr/lib/gcc/x86_64-pc-linux-gnu/15.1.1/:/usr/lib/gcc/x86_64-pc-linux-gnu/
LIBRARY_PATH=/usr/lib/gcc/x86_64-pc-linux-gnu/15.1.1/:/usr/lib/gcc/x86_64-pc-linux-gnu/15.1.1/../../../../lib/:/lib/../lib/:/usr/lib/../lib/:/usr/lib/gcc/x86_64-pc-linux-gnu/15.1.1/../../../:/lib/:/usr/lib/
COLLECT_GCC_OPTIONS='-v' '-rdynamic' '-o' 'cmTC_59fad' '-shared-libgcc' '-mtune=generic' '-march=x86-64' '-dumpdir' 'cmTC_59fad.'
 /usr/lib/gcc/x86_64-pc-linux-gnu/15.1.1/collect2 -plugin /usr/lib/gcc/x86_64-pc-linux-gnu/15.1.1/liblto_plugin.so -plugin-opt=/usr/lib/gcc/x86_64-pc-linux-gnu/15.1.1/lto-wrapper -plugin-opt=-fresolution=/tmp/ccZ4PLIA.res -plugin-opt=-pass-through=-lgcc_s -plugin-opt=-pass-through=-lgcc -plugin-opt=-pass-through=-lc -plugin-opt=-pass-through=-lgcc_s -plugin-opt=-pass-through=-lgcc --build-id --eh-frame-hdr --hash-style=gnu -m elf_x86_64 -export-dynamic -dynamic-linker /lib64/ld-linux-x86-64.so.2 -pie -o cmTC_59fad /usr/lib/gcc/x86_64-pc-linux-gnu/15.1.1/../../../../lib/Scrt1.o /usr/lib/gcc/x86_64-pc-linux-gnu/15.1.1/../../../../lib/crti.o /usr/lib/gcc/x86_64-pc-linux-gnu/15.1.1/crtbeginS.o -L/usr/lib/gcc/x86_64-pc-linux-gnu/15.1.1 -L/usr/lib/gcc/x86_64-pc-linux-gnu/15.1.1/../../../../lib -L/lib/../lib -L/usr/lib/../lib -L/usr/lib/gcc/x86_64-pc-linux-gnu/15.1.1/../../.. -L/lib -L/usr/lib CMakeFiles/cmTC_59fad.dir/CMakeCXXCompilerABI.cpp.o -lstdc++ -lm -lgcc_s -lgcc -lc -lgcc_s -lgcc /usr/lib/gcc/x86_64-pc-linux-gnu/15.1.1/crtendS.o /usr/lib/gcc/x86_64-pc-linux-gnu/15.1.1/../../../../lib/crtn.o
COLLECT_GCC_OPTIONS='-v' '-rdynamic' '-o' 'cmTC_59fad' '-shared-libgcc' '-mtune=generic' '-march=x86-64' '-dumpdir' 'cmTC_59fad.'
make[1]: Leaving directory '/home/rufuskty/repositories/Users_Manual/Simulations/Legacy/10um/1/build/CMakeFiles/CMakeTmp'



Parsed CXX implicit include dir info from above output: rv=done
  found start of include info
  found start of implicit include info
    add: [/usr/lib/gcc/x86_64-pc-linux-gnu/15.1.1/../../../../include/c++/15.1.1]
    add: [/usr/lib/gcc/x86_64-pc-linux-gnu/15.1.1/../../../../include/c++/15.1.1/x86_64-pc-linux-gnu]
    add: [/usr/lib/gcc/x86_64-pc-linux-gnu/15.1.1/../../../../include/c++/15.1.1/backward]
    add: [/usr/lib/gcc/x86_64-pc-linux-gnu/15.1.1/include]
    add: [/usr/local/include]
    add: [/usr/lib/gcc/x86_64-pc-linux-gnu/15.1.1/include-fixed]
    add: [/usr/include]
  end of search list found
  collapse include dir [/usr/lib/gcc/x86_64-pc-linux-gnu/15.1.1/../../../../include/c++/15.1.1] ==> [/usr/include/c++/15.1.1]
  collapse include dir [/usr/lib/gcc/x86_64-pc-linux-gnu/15.1.1/../../../../include/c++/15.1.1/x86_64-pc-linux-gnu] ==> [/usr/include/c++/15.1.1/x86_64-pc-linux-gnu]
  collapse include dir [/usr/lib/gcc/x86_64-pc-linux-gnu/15.1.1/../../../../include/c++/15.1.1/backward] ==> [/usr/include/c++/15.1.1/backward]
  collapse include dir [/usr/lib/gcc/x86_64-pc-linux-gnu/15.1.1/include] ==> [/usr/lib/gcc/x86_64-pc-linux-gnu/15.1.1/include]
  collapse include dir [/usr/local/include] ==> [/usr/local/include]
  collapse include dir [/usr/lib/gcc/x86_64-pc-linux-gnu/15.1.1/include-fixed] ==> [/usr/lib/gcc/x86_64-pc-linux-gnu/15.1.1/include-fixed]
  collapse include dir [/usr/include] ==> [/usr/include]
  implicit include dirs: [/usr/include/c++/15.1.1;/usr/include/c++/15.1.1/x86_64-pc-linux-gnu;/usr/include/c++/15.1.1/backward;/usr/lib/gcc/x86_64-pc-linux-gnu/15.1.1/include;/usr/local/include;/usr/lib/gcc/x86_64-pc-linux-gnu/15.1.1/include-fixed;/usr/include]


Parsed CXX implicit link information from above output:
  link line regex: [^( *|.*[/\])(ld|CMAKE_LINK_STARTFILE-NOTFOUND|([^/\]+-)?ld|collect2)[^/\]*( |$)]
  ignore line: [Change Dir: /home/rufuskty/repositories/Users_Manual/Simulations/Legacy/10um/1/build/CMakeFiles/CMakeTmp]
  ignore line: []
  ignore line: [Run Build Command(s):/usr/bin/make cmTC_59fad/fast && /usr/bin/make -f CMakeFiles/cmTC_59fad.dir/build.make CMakeFiles/cmTC_59fad.dir/build]
  ignore line: [make[1]: Entering directory '/home/rufuskty/repositories/Users_Manual/Simulations/Legacy/10um/1/build/CMakeFiles/CMakeTmp']
  ignore line: [Building CXX object CMakeFiles/cmTC_59fad.dir/CMakeCXXCompilerABI.cpp.o]
  ignore line: [/usr/bin/c++    -v -o CMakeFiles/cmTC_59fad.dir/CMakeCXXCompilerABI.cpp.o -c /home/rufuskty/.local/opt/cmake-3.16.3/share/cmake-3.16/Modules/CMakeCXXCompilerABI.cpp]
  ignore line: [Using built-in specs.]
  ignore line: [COLLECT_GCC=/usr/bin/c++]
  ignore line: [Target: x86_64-pc-linux-gnu]
  ignore line: [Configured with: /build/gcc/src/gcc/configure --enable-languages=ada c c++ d fortran go lto m2 objc obj-c++ rust cobol --enable-bootstrap --prefix=/usr --libdir=/usr/lib --libexecdir=/usr/lib --mandir=/usr/share/man --infodir=/usr/share/info --with-bugurl=https://gitlab.archlinux.org/archlinux/packaging/packages/gcc/-/issues --with-build-config=bootstrap-lto --with-linker-hash-style=gnu --with-system-zlib --enable-__cxa_atexit --enable-cet=auto --enable-checking=release --enable-clocale=gnu --enable-default-pie --enable-default-ssp --enable-gnu-indirect-function --enable-gnu-unique-object --enable-libstdcxx-backtrace --enable-link-serialization=1 --enable-linker-build-id --enable-lto --enable-multilib --enable-plugin --enable-shared --enable-threads=posix --disable-libssp --disable-libstdcxx-pch --disable-werror]
  ignore line: [Thread model: posix]
  ignore line: [Supported LTO compression algorithms: zlib zstd]
  ignore line: [gcc version 15.1.1 20250425 (GCC) ]
  ignore line: [COLLECT_GCC_OPTIONS='-v' '-o' 'CMakeFiles/cmTC_59fad.dir/CMakeCXXCompilerABI.cpp.o' '-c' '-shared-libgcc' '-mtune=generic' '-march=x86-64' '-dumpdir' 'CMakeFiles/cmTC_59fad.dir/']
  ignore line: [ /usr/lib/gcc/x86_64-pc-linux-gnu/15.1.1/cc1plus -quiet -v -D_GNU_SOURCE /home/rufuskty/.local/opt/cmake-3.16.3/share/cmake-3.16/Modules/CMakeCXXCompilerABI.cpp -quiet -dumpdir CMakeFiles/cmTC_59fad.dir/ -dumpbase CMakeCXXCompilerABI.cpp.cpp -dumpbase-ext .cpp -mtune=generic -march=x86-64 -version -o /tmp/ccHrbRQG.s]
  ignore line: [GNU C++17 (GCC) version 15.1.1 20250425 (x86_64-pc-linux-gnu)]
  ignore line: [	compiled by GNU C version 15.1.1 20250425  GMP version 6.3.0  MPFR version 4.2.2  MPC version 1.3.1  isl version isl-0.27-GMP]
  ignore line: []
  ignore line: [GGC heuristics: --param ggc-min-expand=100 --param ggc-min-heapsize=131072]
  ignore line: [ignoring nonexistent directory "/usr/lib/gcc/x86_64-pc-linux-gnu/15.1.1/../../../../x86_64-pc-linux-gnu/include"]
  ignore line: [#include "..." search starts here:]
  ignore line: [#include <...> search starts here:]
  ignore line: [ /usr/lib/gcc/x86_64-pc-linux-gnu/15.1.1/../../../../include/c++/15.1.1]
  ignore line: [ /usr/lib/gcc/x86_64-pc-linux-gnu/15.1.1/../../../../include/c++/15.1.1/x86_64-pc-linux-gnu]
  ignore line: [ /usr/lib/gcc/x86_64-pc-linux-gnu/15.1.1/../../../../include/c++/15.1.1/backward]
  ignore line: [ /usr/lib/gcc/x86_64-pc-linux-gnu/15.1.1/include]
  ignore line: [ /usr/local/include]
  ignore line: [ /usr/lib/gcc/x86_64-pc-linux-gnu/15.1.1/include-fixed]
  ignore line: [ /usr/include]
  ignore line: [End of search list.]
  ignore line: [Compiler executable checksum: ce3489707740d94cce8827fad3390bdb]
  ignore line: [COLLECT_GCC_OPTIONS='-v' '-o' 'CMakeFiles/cmTC_59fad.dir/CMakeCXXCompilerABI.cpp.o' '-c' '-shared-libgcc' '-mtune=generic' '-march=x86-64' '-dumpdir' 'CMakeFiles/cmTC_59fad.dir/']
  ignore line: [ as -v --64 -o CMakeFiles/cmTC_59fad.dir/CMakeCXXCompilerABI.cpp.o /tmp/ccHrbRQG.s]
  ignore line: [GNU assembler version 2.44.0 (x86_64-pc-linux-gnu) using BFD version (GNU Binutils) 2.44.0]
  ignore line: [COMPILER_PATH=/usr/lib/gcc/x86_64-pc-linux-gnu/15.1.1/:/usr/lib/gcc/x86_64-pc-linux-gnu/15.1.1/:/usr/lib/gcc/x86_64-pc-linux-gnu/:/usr/lib/gcc/x86_64-pc-linux-gnu/15.1.1/:/usr/lib/gcc/x86_64-pc-linux-gnu/]
  ignore line: [LIBRARY_PATH=/usr/lib/gcc/x86_64-pc-linux-gnu/15.1.1/:/usr/lib/gcc/x86_64-pc-linux-gnu/15.1.1/../../../../lib/:/lib/../lib/:/usr/lib/../lib/:/usr/lib/gcc/x86_64-pc-linux-gnu/15.1.1/../../../:/lib/:/usr/lib/]
  ignore line: [COLLECT_GCC_OPTIONS='-v' '-o' 'CMakeFiles/cmTC_59fad.dir/CMakeCXXCompilerABI.cpp.o' '-c' '-shared-libgcc' '-mtune=generic' '-march=x86-64' '-dumpdir' 'CMakeFiles/cmTC_59fad.dir/CMakeCXXCompilerABI.cpp.']
  ignore line: [Linking CXX executable cmTC_59fad]
  ignore line: [/home/rufuskty/.local/opt/cmake-3.16.3/bin/cmake -E cmake_link_script CMakeFiles/cmTC_59fad.dir/link.txt --verbose=1]
  ignore line: [/usr/bin/c++      -v -rdynamic CMakeFiles/cmTC_59fad.dir/CMakeCXXCompilerABI.cpp.o  -o cmTC_59fad ]
  ignore line: [Using built-in specs.]
  ignore line: [COLLECT_GCC=/usr/bin/c++]
  ignore line: [COLLECT_LTO_WRAPPER=/usr/lib/gcc/x86_64-pc-linux-gnu/15.1.1/lto-wrapper]
  ignore line: [Target: x86_64-pc-linux-gnu]
  ignore line: [Configured with: /build/gcc/src/gcc/configure --enable-languages=ada c c++ d fortran go lto m2 objc obj-c++ rust cobol --enable-bootstrap --prefix=/usr --libdir=/usr/lib --libexecdir=/usr/lib --mandir=/usr/share/man --infodir=/usr/share/info --with-bugurl=https://gitlab.archlinux.org/archlinux/packaging/packages/gcc/-/issues --with-build-config=bootstrap-lto --with-linker-hash-style=gnu --with-system-zlib --enable-__cxa_atexit --enable-cet=auto --enable-checking=release --enable-clocale=gnu --enable-default-pie --enable-default-ssp --enable-gnu-indirect-function --enable-gnu-unique-object --enable-libstdcxx-backtrace --enable-link-serialization=1 --enable-linker-build-id --enable-lto --enable-multilib --enable-plugin --enable-shared --enable-threads=posix --disable-libssp --disable-libstdcxx-pch --disable-werror]
  ignore line: [Thread model: posix]
  ignore line: [Supported LTO compression algorithms: zlib zstd]
  ignore line: [gcc version 15.1.1 20250425 (GCC) ]
  ignore line: [COMPILER_PATH=/usr/lib/gcc/x86_64-pc-linux-gnu/15.1.1/:/usr/lib/gcc/x86_64-pc-linux-gnu/15.1.1/:/usr/lib/gcc/x86_64-pc-linux-gnu/:/usr/lib/gcc/x86_64-pc-linux-gnu/15.1.1/:/usr/lib/gcc/x86_64-pc-linux-gnu/]
  ignore line: [LIBRARY_PATH=/usr/lib/gcc/x86_64-pc-linux-gnu/15.1.1/:/usr/lib/gcc/x86_64-pc-linux-gnu/15.1.1/../../../../lib/:/lib/../lib/:/usr/lib/../lib/:/usr/lib/gcc/x86_64-pc-linux-gnu/15.1.1/../../../:/lib/:/usr/lib/]
  ignore line: [COLLECT_GCC_OPTIONS='-v' '-rdynamic' '-o' 'cmTC_59fad' '-shared-libgcc' '-mtune=generic' '-march=x86-64' '-dumpdir' 'cmTC_59fad.']
  link line: [ /usr/lib/gcc/x86_64-pc-linux-gnu/15.1.1/collect2 -plugin /usr/lib/gcc/x86_64-pc-linux-gnu/15.1.1/liblto_plugin.so -plugin-opt=/usr/lib/gcc/x86_64-pc-linux-gnu/15.1.1/lto-wrapper -plugin-opt=-fresolution=/tmp/ccZ4PLIA.res -plugin-opt=-pass-through=-lgcc_s -plugin-opt=-pass-through=-lgcc -plugin-opt=-pass-through=-lc -plugin-opt=-pass-through=-lgcc_s -plugin-opt=-pass-through=-lgcc --build-id --eh-frame-hdr --hash-style=gnu -m elf_x86_64 -export-dynamic -dynamic-linker /lib64/ld-linux-x86-64.so.2 -pie -o cmTC_59fad /usr/lib/gcc/x86_64-pc-linux-gnu/15.1.1/../../../../lib/Scrt1.o /usr/lib/gcc/x86_64-pc-linux-gnu/15.1.1/../../../../lib/crti.o /usr/lib/gcc/x86_64-pc-linux-gnu/15.1.1/crtbeginS.o -L/usr/lib/gcc/x86_64-pc-linux-gnu/15.1.1 -L/usr/lib/gcc/x86_64-pc-linux-gnu/15.1.1/../../../../lib -L/lib/../lib -L/usr/lib/../lib -L/usr/lib/gcc/x86_64-pc-linux-gnu/15.1.1/../../.. -L/lib -L/usr/lib CMakeFiles/cmTC_59fad.dir/CMakeCXXCompilerABI.cpp.o -lstdc++ -lm -lgcc_s -lgcc -lc -lgcc_s -lgcc /usr/lib/gcc/x86_64-pc-linux-gnu/15.1.1/crtendS.o /usr/lib/gcc/x86_64-pc-linux-gnu/15.1.1/../../../../lib/crtn.o]
    arg [/usr/lib/gcc/x86_64-pc-linux-gnu/15.1.1/collect2] ==> ignore
    arg [-plugin] ==> ignore
    arg [/usr/lib/gcc/x86_64-pc-linux-gnu/15.1.1/liblto_plugin.so] ==> ignore
    arg [-plugin-opt=/usr/lib/gcc/x86_64-pc-linux-gnu/15.1.1/lto-wrapper] ==> ignore
    arg [-plugin-opt=-fresolution=/tmp/ccZ4PLIA.res] ==> ignore
    arg [-plugin-opt=-pass-through=-lgcc_s] ==> ignore
    arg [-plugin-opt=-pass-through=-lgcc] ==> ignore
    arg [-plugin-opt=-pass-through=-lc] ==> ignore
    arg [-plugin-opt=-pass-through=-lgcc_s] ==> ignore
    arg [-plugin-opt=-pass-through=-lgcc] ==> ignore
    arg [--build-id] ==> ignore
    arg [--eh-frame-hdr] ==> ignore
    arg [--hash-style=gnu] ==> ignore
    arg [-m] ==> ignore
    arg [elf_x86_64] ==> ignore
    arg [-export-dynamic] ==> ignore
    arg [-dynamic-linker] ==> ignore
    arg [/lib64/ld-linux-x86-64.so.2] ==> ignore
    arg [-pie] ==> ignore
    arg [-o] ==> ignore
    arg [cmTC_59fad] ==> ignore
    arg [/usr/lib/gcc/x86_64-pc-linux-gnu/15.1.1/../../../../lib/Scrt1.o] ==> ignore
    arg [/usr/lib/gcc/x86_64-pc-linux-gnu/15.1.1/../../../../lib/crti.o] ==> ignore
    arg [/usr/lib/gcc/x86_64-pc-linux-gnu/15.1.1/crtbeginS.o] ==> ignore
    arg [-L/usr/lib/gcc/x86_64-pc-linux-gnu/15.1.1] ==> dir [/usr/lib/gcc/x86_64-pc-linux-gnu/15.1.1]
    arg [-L/usr/lib/gcc/x86_64-pc-linux-gnu/15.1.1/../../../../lib] ==> dir [/usr/lib/gcc/x86_64-pc-linux-gnu/15.1.1/../../../../lib]
    arg [-L/lib/../lib] ==> dir [/lib/../lib]
    arg [-L/usr/lib/../lib] ==> dir [/usr/lib/../lib]
    arg [-L/usr/lib/gcc/x86_64-pc-linux-gnu/15.1.1/../../..] ==> dir [/usr/lib/gcc/x86_64-pc-linux-gnu/15.1.1/../../..]
    arg [-L/lib] ==> dir [/lib]
    arg [-L/usr/lib] ==> dir [/usr/lib]
    arg [CMakeFiles/cmTC_59fad.dir/CMakeCXXCompilerABI.cpp.o] ==> ignore
    arg [-lstdc++] ==> lib [stdc++]
    arg [-lm] ==> lib [m]
    arg [-lgcc_s] ==> lib [gcc_s]
    arg [-lgcc] ==> lib [gcc]
    arg [-lc] ==> lib [c]
    arg [-lgcc_s] ==> lib [gcc_s]
    arg [-lgcc] ==> lib [gcc]
    arg [/usr/lib/gcc/x86_64-pc-linux-gnu/15.1.1/crtendS.o] ==> ignore
    arg [/usr/lib/gcc/x86_64-pc-linux-gnu/15.1.1/../../../../lib/crtn.o] ==> ignore
  collapse library dir [/usr/lib/gcc/x86_64-pc-linux-gnu/15.1.1] ==> [/usr/lib/gcc/x86_64-pc-linux-gnu/15.1.1]
  collapse library dir [/usr/lib/gcc/x86_64-pc-linux-gnu/15.1.1/../../../../lib] ==> [/usr/lib]
  collapse library dir [/lib/../lib] ==> [/lib]
  collapse library dir [/usr/lib/../lib] ==> [/usr/lib]
  collapse library dir [/usr/lib/gcc/x86_64-pc-linux-gnu/15.1.1/../../..] ==> [/usr/lib]
  collapse library dir [/lib] ==> [/lib]
  collapse library dir [/usr/lib] ==> [/usr/lib]
  implicit libs: [stdc++;m;gcc_s;gcc;c;gcc_s;gcc]
  implicit dirs: [/usr/lib/gcc/x86_64-pc-linux-gnu/15.1.1;/usr/lib;/lib]
  implicit fwks: []


Determining if the include file pthread.h exists passed with the following output:
Change Dir: /home/rufuskty/repositories/Users_Manual/Simulations/Legacy/10um/1/build/CMakeFiles/CMakeTmp

Run Build Command(s):/usr/bin/make cmTC_b7afa/fast && /usr/bin/make -f CMakeFiles/cmTC_b7afa.dir/build.make CMakeFiles/cmTC_b7afa.dir/build
make[1]: Entering directory '/home/rufuskty/repositories/Users_Manual/Simulations/Legacy/10um/1/build/CMakeFiles/CMakeTmp'
Building C object CMakeFiles/cmTC_b7afa.dir/CheckIncludeFile.c.o
/usr/bin/cc    -o CMakeFiles/cmTC_b7afa.dir/CheckIncludeFile.c.o   -c /home/rufuskty/repositories/Users_Manual/Simulations/Legacy/10um/1/build/CMakeFiles/CMakeTmp/CheckIncludeFile.c
Linking C executable cmTC_b7afa
/home/rufuskty/.local/opt/cmake-3.16.3/bin/cmake -E cmake_link_script CMakeFiles/cmTC_b7afa.dir/link.txt --verbose=1
/usr/bin/cc      CMakeFiles/cmTC_b7afa.dir/CheckIncludeFile.c.o  -o cmTC_b7afa 
make[1]: Leaving directory '/home/rufuskty/repositories/Users_Manual/Simulations/Legacy/10um/1/build/CMakeFiles/CMakeTmp'



Performing C SOURCE FILE Test CMAKE_HAVE_LIBC_PTHREAD succeeded with the following output:
Change Dir: /home/rufuskty/repositories/Users_Manual/Simulations/Legacy/10um/1/build/CMakeFiles/CMakeTmp

Run Build Command(s):/usr/bin/make cmTC_ee49c/fast && /usr/bin/make -f CMakeFiles/cmTC_ee49c.dir/build.make CMakeFiles/cmTC_ee49c.dir/build
make[1]: Entering directory '/home/rufuskty/repositories/Users_Manual/Simulations/Legacy/10um/1/build/CMakeFiles/CMakeTmp'
Building C object CMakeFiles/cmTC_ee49c.dir/src.c.o
/usr/bin/cc   -DCMAKE_HAVE_LIBC_PTHREAD   -o CMakeFiles/cmTC_ee49c.dir/src.c.o   -c /home/rufuskty/repositories/Users_Manual/Simulations/Legacy/10um/1/build/CMakeFiles/CMakeTmp/src.c
Linking C executable cmTC_ee49c
/home/rufuskty/.local/opt/cmake-3.16.3/bin/cmake -E cmake_link_script CMakeFiles/cmTC_ee49c.dir/link.txt --verbose=1
/usr/bin/cc  -DCMAKE_HAVE_LIBC_PTHREAD    CMakeFiles/cmTC_ee49c.dir/src.c.o  -o cmTC_ee49c 
make[1]: Leaving directory '/home/rufuskty/repositories/Users_Manual/Simulations/Legacy/10um/1/build/CMakeFiles/CMakeTmp'


Source file was:
#include <pthread.h>

void* test_func(void* data)
{
  return data;
}

int main(void)
{
  pthread_t thread;
  pthread_create(&thread, NULL, test_func, NULL);
  pthread_detach(thread);
  pthread_join(thread, NULL);
  pthread_atfork(NULL, NULL, NULL);
  pthread_exit(NULL);

  return 0;
}

Determining if the function XOpenDisplay exists in the /usr/lib/libX11.so;/usr/lib/libXext.so passed with the following output:
Change Dir: /home/rufuskty/repositories/Users_Manual/Simulations/Legacy/10um/1/build/CMakeFiles/CMakeTmp

Run Build Command(s):/usr/bin/make cmTC_10352/fast && /usr/bin/make -f CMakeFiles/cmTC_10352.dir/build.make CMakeFiles/cmTC_10352.dir/build
make[1]: Entering directory '/home/rufuskty/repositories/Users_Manual/Simulations/Legacy/10um/1/build/CMakeFiles/CMakeTmp'
Building C object CMakeFiles/cmTC_10352.dir/CheckFunctionExists.c.o
/usr/bin/cc   -DCHECK_FUNCTION_EXISTS=XOpenDisplay   -o CMakeFiles/cmTC_10352.dir/CheckFunctionExists.c.o   -c /home/rufuskty/.local/opt/cmake-3.16.3/share/cmake-3.16/Modules/CheckFunctionExists.c
Linking C executable cmTC_10352
/home/rufuskty/.local/opt/cmake-3.16.3/bin/cmake -E cmake_link_script CMakeFiles/cmTC_10352.dir/link.txt --verbose=1
/usr/bin/cc  -DCHECK_FUNCTION_EXISTS=XOpenDisplay    CMakeFiles/cmTC_10352.dir/CheckFunctionExists.c.o  -o cmTC_10352  /usr/lib/libX11.so /usr/lib/libXext.so 
make[1]: Leaving directory '/home/rufuskty/repositories/Users_Manual/Simulations/Legacy/10um/1/build/CMakeFiles/CMakeTmp'



Determining if the function gethostbyname exists passed with the following output:
Change Dir: /home/rufuskty/repositories/Users_Manual/Simulations/Legacy/10um/1/build/CMakeFiles/CMakeTmp

Run Build Command(s):/usr/bin/make cmTC_73634/fast && /usr/bin/make -f CMakeFiles/cmTC_73634.dir/build.make CMakeFiles/cmTC_73634.dir/build
make[1]: Entering directory '/home/rufuskty/repositories/Users_Manual/Simulations/Legacy/10um/1/build/CMakeFiles/CMakeTmp'
Building C object CMakeFiles/cmTC_73634.dir/CheckFunctionExists.c.o
/usr/bin/cc   -DCHECK_FUNCTION_EXISTS=gethostbyname   -o CMakeFiles/cmTC_73634.dir/CheckFunctionExists.c.o   -c /home/rufuskty/.local/opt/cmake-3.16.3/share/cmake-3.16/Modules/CheckFunctionExists.c
Linking C executable cmTC_73634
/home/rufuskty/.local/opt/cmake-3.16.3/bin/cmake -E cmake_link_script CMakeFiles/cmTC_73634.dir/link.txt --verbose=1
/usr/bin/cc  -DCHECK_FUNCTION_EXISTS=gethostbyname    CMakeFiles/cmTC_73634.dir/CheckFunctionExists.c.o  -o cmTC_73634 
make[1]: Leaving directory '/home/rufuskty/repositories/Users_Manual/Simulations/Legacy/10um/1/build/CMakeFiles/CMakeTmp'



Determining if the function connect exists passed with the following output:
Change Dir: /home/rufuskty/repositories/Users_Manual/Simulations/Legacy/10um/1/build/CMakeFiles/CMakeTmp

Run Build Command(s):/usr/bin/make cmTC_2944d/fast && /usr/bin/make -f CMakeFiles/cmTC_2944d.dir/build.make CMakeFiles/cmTC_2944d.dir/build
make[1]: Entering directory '/home/rufuskty/repositories/Users_Manual/Simulations/Legacy/10um/1/build/CMakeFiles/CMakeTmp'
Building C object CMakeFiles/cmTC_2944d.dir/CheckFunctionExists.c.o
/usr/bin/cc   -DCHECK_FUNCTION_EXISTS=connect   -o CMakeFiles/cmTC_2944d.dir/CheckFunctionExists.c.o   -c /home/rufuskty/.local/opt/cmake-3.16.3/share/cmake-3.16/Modules/CheckFunctionExists.c
Linking C executable cmTC_2944d
/home/rufuskty/.local/opt/cmake-3.16.3/bin/cmake -E cmake_link_script CMakeFiles/cmTC_2944d.dir/link.txt --verbose=1
/usr/bin/cc  -DCHECK_FUNCTION_EXISTS=connect    CMakeFiles/cmTC_2944d.dir/CheckFunctionExists.c.o  -o cmTC_2944d 
make[1]: Leaving directory '/home/rufuskty/repositories/Users_Manual/Simulations/Legacy/10um/1/build/CMakeFiles/CMakeTmp'



Determining if the function remove exists passed with the following output:
Change Dir: /home/rufuskty/repositories/Users_Manual/Simulations/Legacy/10um/1/build/CMakeFiles/CMakeTmp

Run Build Command(s):/usr/bin/make cmTC_2da97/fast && /usr/bin/make -f CMakeFiles/cmTC_2da97.dir/build.make CMakeFiles/cmTC_2da97.dir/build
make[1]: Entering directory '/home/rufuskty/repositories/Users_Manual/Simulations/Legacy/10um/1/build/CMakeFiles/CMakeTmp'
Building C object CMakeFiles/cmTC_2da97.dir/CheckFunctionExists.c.o
/usr/bin/cc   -DCHECK_FUNCTION_EXISTS=remove   -o CMakeFiles/cmTC_2da97.dir/CheckFunctionExists.c.o   -c /home/rufuskty/.local/opt/cmake-3.16.3/share/cmake-3.16/Modules/CheckFunctionExists.c
Linking C executable cmTC_2da97
/home/rufuskty/.local/opt/cmake-3.16.3/bin/cmake -E cmake_link_script CMakeFiles/cmTC_2da97.dir/link.txt --verbose=1
/usr/bin/cc  -DCHECK_FUNCTION_EXISTS=remove    CMakeFiles/cmTC_2da97.dir/CheckFunctionExists.c.o  -o cmTC_2da97 
make[1]: Leaving directory '/home/rufuskty/repositories/Users_Manual/Simulations/Legacy/10um/1/build/CMakeFiles/CMakeTmp'



Determining if the function shmat exists passed with the following output:
Change Dir: /home/rufuskty/repositories/Users_Manual/Simulations/Legacy/10um/1/build/CMakeFiles/CMakeTmp

Run Build Command(s):/usr/bin/make cmTC_00299/fast && /usr/bin/make -f CMakeFiles/cmTC_00299.dir/build.make CMakeFiles/cmTC_00299.dir/build
make[1]: Entering directory '/home/rufuskty/repositories/Users_Manual/Simulations/Legacy/10um/1/build/CMakeFiles/CMakeTmp'
Building C object CMakeFiles/cmTC_00299.dir/CheckFunctionExists.c.o
/usr/bin/cc   -DCHECK_FUNCTION_EXISTS=shmat   -o CMakeFiles/cmTC_00299.dir/CheckFunctionExists.c.o   -c /home/rufuskty/.local/opt/cmake-3.16.3/share/cmake-3.16/Modules/CheckFunctionExists.c
Linking C executable cmTC_00299
/home/rufuskty/.local/opt/cmake-3.16.3/bin/cmake -E cmake_link_script CMakeFiles/cmTC_00299.dir/link.txt --verbose=1
/usr/bin/cc  -DCHECK_FUNCTION_EXISTS=shmat    CMakeFiles/cmTC_00299.dir/CheckFunctionExists.c.o  -o cmTC_00299 
make[1]: Leaving directory '/home/rufuskty/repositories/Users_Manual/Simulations/Legacy/10um/1/build/CMakeFiles/CMakeTmp'



Determining if the function IceConnectionNumber exists in the ICE passed with the following output:
Change Dir: /home/rufuskty/repositories/Users_Manual/Simulations/Legacy/10um/1/build/CMakeFiles/CMakeTmp

Run Build Command(s):/usr/bin/make cmTC_5a638/fast && /usr/bin/make -f CMakeFiles/cmTC_5a638.dir/build.make CMakeFiles/cmTC_5a638.dir/build
make[1]: Entering directory '/home/rufuskty/repositories/Users_Manual/Simulations/Legacy/10um/1/build/CMakeFiles/CMakeTmp'
Building C object CMakeFiles/cmTC_5a638.dir/CheckFunctionExists.c.o
/usr/bin/cc   -DCHECK_FUNCTION_EXISTS=IceConnectionNumber   -o CMakeFiles/cmTC_5a638.dir/CheckFunctionExists.c.o   -c /home/rufuskty/.local/opt/cmake-3.16.3/share/cmake-3.16/Modules/CheckFunctionExists.c
Linking C executable cmTC_5a638
/home/rufuskty/.local/opt/cmake-3.16.3/bin/cmake -E cmake_link_script CMakeFiles/cmTC_5a638.dir/link.txt --verbose=1
/usr/bin/cc  -DCHECK_FUNCTION_EXISTS=IceConnectionNumber    CMakeFiles/cmTC_5a638.dir/CheckFunctionExists.c.o  -o cmTC_5a638  -lICE 
make[1]: Leaving directory '/home/rufuskty/repositories/Users_Manual/Simulations/Legacy/10um/1/build/CMakeFiles/CMakeTmp'



